Performing C SOURCE FILE Test CMAKE_HAVE_LIBC_PTHREAD failed with the following output:
Change Dir: /home/hk005pyc/CLionProjects/CPP/CPPCU_TEST_ONE/cmake-build-debug/CMakeFiles/CMakeTmp

Run Build Command(s):/usr/bin/make -f Makefile cmTC_02152/fast && /usr/bin/make  -f CMakeFiles/cmTC_02152.dir/build.make CMakeFiles/cmTC_02152.dir/build
make[1]: Entering directory '/home/hk005pyc/CLionProjects/CPP/CPPCU_TEST_ONE/cmake-build-debug/CMakeFiles/CMakeTmp'
Building C object CMakeFiles/cmTC_02152.dir/src.c.o
/usr/bin/cc -DCMAKE_HAVE_LIBC_PTHREAD  -fPIC  -o CMakeFiles/cmTC_02152.dir/src.c.o -c /home/hk005pyc/CLionProjects/CPP/CPPCU_TEST_ONE/cmake-build-debug/CMakeFiles/CMakeTmp/src.c
Linking C executable cmTC_02152
/usr/local/bin/cmake -E cmake_link_script CMakeFiles/cmTC_02152.dir/link.txt --verbose=1
/usr/bin/cc -fPIC  CMakeFiles/cmTC_02152.dir/src.c.o -o cmTC_02152 
CMakeFiles/cmTC_02152.dir/src.c.o: In function `main':
src.c:(.text+0x48): undefined reference to `pthread_create'
src.c:(.text+0x50): undefined reference to `pthread_detach'
src.c:(.text+0x58): undefined reference to `pthread_cancel'
src.c:(.text+0x64): undefined reference to `pthread_join'
src.c:(.text+0x74): undefined reference to `pthread_atfork'
collect2: error: ld returned 1 exit status
CMakeFiles/cmTC_02152.dir/build.make:98: recipe for target 'cmTC_02152' failed
make[1]: *** [cmTC_02152] Error 1
make[1]: Leaving directory '/home/hk005pyc/CLionProjects/CPP/CPPCU_TEST_ONE/cmake-build-debug/CMakeFiles/CMakeTmp'
Makefile:127: recipe for target 'cmTC_02152/fast' failed
make: *** [cmTC_02152/fast] Error 2


Source file was:
#include <pthread.h>

static void* test_func(void* data)
{
  return data;
}

int main(void)
{
  pthread_t thread;
  pthread_create(&thread, NULL, test_func, NULL);
  pthread_detach(thread);
  pthread_cancel(thread);
  pthread_join(thread, NULL);
  pthread_atfork(NULL, NULL, NULL);
  pthread_exit(NULL);

  return 0;
}

Determining if the function pthread_create exists in the pthreads failed with the following output:
Change Dir: /home/hk005pyc/CLionProjects/CPP/CPPCU_TEST_ONE/cmake-build-debug/CMakeFiles/CMakeTmp

Run Build Command(s):/usr/bin/make -f Makefile cmTC_f669a/fast && /usr/bin/make  -f CMakeFiles/cmTC_f669a.dir/build.make CMakeFiles/cmTC_f669a.dir/build
make[1]: Entering directory '/home/hk005pyc/CLionProjects/CPP/CPPCU_TEST_ONE/cmake-build-debug/CMakeFiles/CMakeTmp'
Building C object CMakeFiles/cmTC_f669a.dir/CheckFunctionExists.c.o
/usr/bin/cc   -fPIC -DCHECK_FUNCTION_EXISTS=pthread_create -o CMakeFiles/cmTC_f669a.dir/CheckFunctionExists.c.o -c /usr/local/share/cmake-3.23/Modules/CheckFunctionExists.c
Linking C executable cmTC_f669a
/usr/local/bin/cmake -E cmake_link_script CMakeFiles/cmTC_f669a.dir/link.txt --verbose=1
/usr/bin/cc -fPIC -DCHECK_FUNCTION_EXISTS=pthread_create CMakeFiles/cmTC_f669a.dir/CheckFunctionExists.c.o -o cmTC_f669a  -lpthreads 
/usr/bin/ld: cannot find -lpthreads
collect2: error: ld returned 1 exit status
CMakeFiles/cmTC_f669a.dir/build.make:98: recipe for target 'cmTC_f669a' failed
make[1]: *** [cmTC_f669a] Error 1
make[1]: Leaving directory '/home/hk005pyc/CLionProjects/CPP/CPPCU_TEST_ONE/cmake-build-debug/CMakeFiles/CMakeTmp'
Makefile:127: recipe for target 'cmTC_f669a/fast' failed
make: *** [cmTC_f669a/fast] Error 2



Determining if the pthread_create exist failed with the following output:
Change Dir: /home/hk005pyc/CLionProjects/CPP/CPPCU_TEST_ONE/cmake-build-debug/CMakeFiles/CMakeTmp

Run Build Command:"/usr/bin/make" "cmTC_ab903/fast"
/usr/bin/make -f CMakeFiles/cmTC_ab903.dir/build.make CMakeFiles/cmTC_ab903.dir/build
make[1]: Entering directory '/home/hk005pyc/CLionProjects/CPP/CPPCU_TEST_ONE/cmake-build-debug/CMakeFiles/CMakeTmp'
Building C object CMakeFiles/cmTC_ab903.dir/CheckSymbolExists.c.o
/usr/bin/cc    -o CMakeFiles/cmTC_ab903.dir/CheckSymbolExists.c.o   -c /home/hk005pyc/CLionProjects/CPP/CPPCU_TEST_ONE/cmake-build-debug/CMakeFiles/CMakeTmp/CheckSymbolExists.c
Linking C executable cmTC_ab903
/usr/bin/cmake -E cmake_link_script CMakeFiles/cmTC_ab903.dir/link.txt --verbose=1
/usr/bin/cc      CMakeFiles/cmTC_ab903.dir/CheckSymbolExists.c.o  -o cmTC_ab903 
CMakeFiles/cmTC_ab903.dir/CheckSymbolExists.c.o: In function `main':
CheckSymbolExists.c:(.text+0x14): undefined reference to `pthread_create'
CheckSymbolExists.c:(.text+0x18): undefined reference to `pthread_create'
collect2: error: ld returned 1 exit status
CMakeFiles/cmTC_ab903.dir/build.make:97: recipe for target 'cmTC_ab903' failed
make[1]: *** [cmTC_ab903] Error 1
make[1]: Leaving directory '/home/hk005pyc/CLionProjects/CPP/CPPCU_TEST_ONE/cmake-build-debug/CMakeFiles/CMakeTmp'
Makefile:126: recipe for target 'cmTC_ab903/fast' failed
make: *** [cmTC_ab903/fast] Error 2

File /home/hk005pyc/CLionProjects/CPP/CPPCU_TEST_ONE/cmake-build-debug/CMakeFiles/CMakeTmp/CheckSymbolExists.c:
/* */
#include <pthread.h>

int main(int argc, char** argv)
{
  (void)argv;
#ifndef pthread_create
  return ((int*)(&pthread_create))[argc];
#else
  (void)argc;
  return 0;
#endif
}

Determining if the function sgemm_ exists failed with the following output:
Change Dir: /home/hk005pyc/CLionProjects/CPP/CPPCU_TEST_ONE/cmake-build-debug/CMakeFiles/CMakeTmp

Run Build Command(s):/usr/bin/make cmTC_ac451/fast && /usr/bin/make  -f CMakeFiles/cmTC_ac451.dir/build.make CMakeFiles/cmTC_ac451.dir/build
make[1]: Entering directory '/home/hk005pyc/CLionProjects/CPP/CPPCU_TEST_ONE/cmake-build-debug/CMakeFiles/CMakeTmp'
Building C object CMakeFiles/cmTC_ac451.dir/CheckFunctionExists.c.o
/usr/bin/cc   -DCHECK_FUNCTION_EXISTS=sgemm_ -o CMakeFiles/cmTC_ac451.dir/CheckFunctionExists.c.o -c /usr/local/share/cmake-3.18/Modules/CheckFunctionExists.c
Linking C executable cmTC_ac451
/usr/local/bin/cmake -E cmake_link_script CMakeFiles/cmTC_ac451.dir/link.txt --verbose=1
/usr/bin/cc  -DCHECK_FUNCTION_EXISTS=sgemm_ CMakeFiles/cmTC_ac451.dir/CheckFunctionExists.c.o -o cmTC_ac451 
CMakeFiles/cmTC_ac451.dir/CheckFunctionExists.c.o: In function `main':
CheckFunctionExists.c:(.text+0x10): undefined reference to `sgemm_'
collect2: error: ld returned 1 exit status
CMakeFiles/cmTC_ac451.dir/build.make:105: recipe for target 'cmTC_ac451' failed
make[1]: *** [cmTC_ac451] Error 1
make[1]: Leaving directory '/home/hk005pyc/CLionProjects/CPP/CPPCU_TEST_ONE/cmake-build-debug/CMakeFiles/CMakeTmp'
Makefile:140: recipe for target 'cmTC_ac451/fast' failed
make: *** [cmTC_ac451/fast] Error 2



